C:\PROGRAMDATA\BITGUARD\2.7.1769.27\{C16C1CCB-1111-4E5C-A2F3-533AD2FEC8E8}\BITGUARD.SETTINGS
C:\PROGRAMDATA\BITGUARD\2.7.1769.27\{C16C1CCB-1111-4E5C-A2F3-533AD2FEC8E8}\TRAKING_SETTINGS\00
C:\PROGRAMDATA\BITGUARD\2.7.1769.27\{C16C1CCB-1111-4E5C-A2F3-533AD2FEC8E8}\TRAKING_SETTINGS\01
C:\PROGRAMDATA\BITGUARD\2.7.1769.27\{C16C1CCB-1111-4E5C-A2F3-533AD2FEC8E8}\TRAKING_SETTINGS\02
C:\PROGRAMDATA\BITGUARD\2.7.1769.27\{C16C1CCB-1111-4E5C-A2F3-533AD2FEC8E8}\TRAKING_SETTINGS\03
C:\PROGRAMDATA\BITGUARD\2.7.1769.27\{C16C1CCB-1111-4E5C-A2F3-533AD2FEC8E8}\TRAKING_SETTINGS\10
C:\PROGRAMDATA\BITGUARD\2.7.1769.27\{C16C1CCB-1111-4E5C-A2F3-533AD2FEC8E8}\TRAKING_SETTINGS\11
C:\PROGRAMDATA\BITGUARD\2.7.1769.27\{C16C1CCB-1111-4E5C-A2F3-533AD2FEC8E8}\TRAKING_SETTINGS\12
C:\PROGRAMDATA\BITGUARD\2.7.1769.27\{C16C1CCB-1111-4E5C-A2F3-533AD2FEC8E8}\TRAKING_SETTINGS\13
C:\PROGRAMDATA\BITGUARD\2.7.1769.27\{C16C1CCB-1111-4E5C-A2F3-533AD2FEC8E8}\TRAKING_SETTINGS\20
C:\PROGRAMDATA\BITGUARD\2.7.1769.27\{C16C1CCB-1111-4E5C-A2F3-533AD2FEC8E8}\TRAKING_SETTINGS\21
C:\PROGRAMDATA\BITGUARD\2.7.1769.27\{C16C1CCB-1111-4E5C-A2F3-533AD2FEC8E8}\TRAKING_SETTINGS\22
C:\PROGRAMDATA\BITGUARD\2.7.1769.27\{C16C1CCB-1111-4E5C-A2F3-533AD2FEC8E8}\TRAKING_SETTINGS\23
F:\GATO\PROGRAMACION\C++ WORK´S\DATOS 2013\PROYECTOII_ELMUNDODELOSANIMALES\DEBUG\PROYECTOII_ELMUNDODELOSANIMALES.EXE
F:\GATO\PROGRAMACION\C++ WORK´S\DATOS 2013\PROYECTOII_ELMUNDODELOSANIMALES\DEBUG\PROYECTOII_ELMUNDODELOSANIMALES.ILK
F:\GATO\PROGRAMACION\C++ WORK´S\DATOS 2013\PROYECTOII_ELMUNDODELOSANIMALES\DEBUG\PROYECTOII_ELMUNDODELOSANIMALES.PDB
F:\GATO\PROGRAMACION\C++ WORK´S\DATOS 2013\PROYECTOII_ELMUNDODELOSANIMALES\PROYECTOII_ELMUNDODELOSANIMALES\DEBUG\ARBOL.OBJ
F:\Gato\Programacion\c++ work´s\Datos 2013\ProyectoII_ElMundoDeLosAnimales\ProyectoII_ElMundoDeLosAnimales\Debug\cl.command.1.tlog
F:\Gato\Programacion\c++ work´s\Datos 2013\ProyectoII_ElMundoDeLosAnimales\ProyectoII_ElMundoDeLosAnimales\Debug\CL.read.1.tlog
F:\Gato\Programacion\c++ work´s\Datos 2013\ProyectoII_ElMundoDeLosAnimales\ProyectoII_ElMundoDeLosAnimales\Debug\CL.write.1.tlog
F:\GATO\PROGRAMACION\C++ WORK´S\DATOS 2013\PROYECTOII_ELMUNDODELOSANIMALES\PROYECTOII_ELMUNDODELOSANIMALES\DEBUG\INTERFAZ.OBJ
F:\Gato\Programacion\c++ work´s\Datos 2013\ProyectoII_ElMundoDeLosAnimales\ProyectoII_ElMundoDeLosAnimales\Debug\link.command.1.tlog
F:\Gato\Programacion\c++ work´s\Datos 2013\ProyectoII_ElMundoDeLosAnimales\ProyectoII_ElMundoDeLosAnimales\Debug\link.read.1.tlog
F:\Gato\Programacion\c++ work´s\Datos 2013\ProyectoII_ElMundoDeLosAnimales\ProyectoII_ElMundoDeLosAnimales\Debug\link.write.1.tlog
F:\Gato\Programacion\c++ work´s\Datos 2013\ProyectoII_ElMundoDeLosAnimales\ProyectoII_ElMundoDeLosAnimales\Debug\link-cvtres.read.1.tlog
F:\Gato\Programacion\c++ work´s\Datos 2013\ProyectoII_ElMundoDeLosAnimales\ProyectoII_ElMundoDeLosAnimales\Debug\link-cvtres.write.1.tlog
F:\GATO\PROGRAMACION\C++ WORK´S\DATOS 2013\PROYECTOII_ELMUNDODELOSANIMALES\PROYECTOII_ELMUNDODELOSANIMALES\DEBUG\MAIN.OBJ
F:\Gato\Programacion\c++ work´s\Datos 2013\ProyectoII_ElMundoDeLosAnimales\ProyectoII_ElMundoDeLosAnimales\Debug\mt.command.1.tlog
F:\Gato\Programacion\c++ work´s\Datos 2013\ProyectoII_ElMundoDeLosAnimales\ProyectoII_ElMundoDeLosAnimales\Debug\mt.read.1.tlog
F:\Gato\Programacion\c++ work´s\Datos 2013\ProyectoII_ElMundoDeLosAnimales\ProyectoII_ElMundoDeLosAnimales\Debug\mt.write.1.tlog
F:\GATO\PROGRAMACION\C++ WORK´S\DATOS 2013\PROYECTOII_ELMUNDODELOSANIMALES\PROYECTOII_ELMUNDODELOSANIMALES\DEBUG\NODO.OBJ
F:\GATO\PROGRAMACION\C++ WORK´S\DATOS 2013\PROYECTOII_ELMUNDODELOSANIMALES\PROYECTOII_ELMUNDODELOSANIMALES\DEBUG\PROYECTOII_ELMUNDODELOSANIMALES.EXE.EMBED.MANIFEST
F:\GATO\PROGRAMACION\C++ WORK´S\DATOS 2013\PROYECTOII_ELMUNDODELOSANIMALES\PROYECTOII_ELMUNDODELOSANIMALES\DEBUG\PROYECTOII_ELMUNDODELOSANIMALES.EXE.EMBED.MANIFEST.RES
F:\GATO\PROGRAMACION\C++ WORK´S\DATOS 2013\PROYECTOII_ELMUNDODELOSANIMALES\PROYECTOII_ELMUNDODELOSANIMALES\DEBUG\PROYECTOII_ELMUNDODELOSANIMALES.EXE.INTERMEDIATE.MANIFEST
F:\Gato\Programacion\c++ work´s\Datos 2013\ProyectoII_ElMundoDeLosAnimales\ProyectoII_ElMundoDeLosAnimales\Debug\ProyectoII_ElMundoDeLosAnimales_manifest.rc
F:\Gato\Programacion\c++ work´s\Datos 2013\ProyectoII_ElMundoDeLosAnimales\ProyectoII_ElMundoDeLosAnimales\Debug\rc.command.1.tlog
F:\Gato\Programacion\c++ work´s\Datos 2013\ProyectoII_ElMundoDeLosAnimales\ProyectoII_ElMundoDeLosAnimales\Debug\rc.read.1.tlog
F:\Gato\Programacion\c++ work´s\Datos 2013\ProyectoII_ElMundoDeLosAnimales\ProyectoII_ElMundoDeLosAnimales\Debug\rc.write.1.tlog
F:\GATO\PROGRAMACION\C++ WORK´S\DATOS 2013\PROYECTOII_ELMUNDODELOSANIMALES\PROYECTOII_ELMUNDODELOSANIMALES\DEBUG\SISTEMA.OBJ
F:\Gato\Programacion\c++ work´s\Datos 2013\ProyectoII_ElMundoDeLosAnimales\ProyectoII_ElMundoDeLosAnimales\Debug\vc100.idb
F:\GATO\PROGRAMACION\C++ WORK´S\DATOS 2013\PROYECTOII_ELMUNDODELOSANIMALES\PROYECTOII_ELMUNDODELOSANIMALES\DEBUG\VC100.PDB
